5	0.000000	Pylon/image14.png
27	2.000000	Twilight/image2.png
25	2.000000	Twilight/image15.png
21	2.000000	Twilight/image11.png
30	2.000000	Twilight/image5.png
32	2.000000	Twilight/image7.png
26	2.000000	Twilight/image16.png
4	0.000000	Pylon/image13.png
7	0.000000	Pylon/image16.png
10	0.000000	Pylon/image2.png
6	0.000000	Pylon/image15.png
1	0.000000	Pylon/image10.png
8	0.000000	Pylon/image17.png
14	0.000000	Pylon/image6.png
2	0.000000	Pylon/image11.png
24	2.000000	Twilight/image14.png
17	0.000000	Pylon/image9.png
3	0.000000	Pylon/image12.png
16	0.000000	Pylon/image8.png
13	0.000000	Pylon/image5.png
31	2.000000	Twilight/image6.png
23	2.000000	Twilight/image13.png
12	0.000000	Pylon/image4.png
22	2.000000	Twilight/image12.png
11	0.000000	Pylon/image3.png
33	2.000000	Twilight/image8.png
29	2.000000	Twilight/image4.png
9	0.000000	Pylon/image18.png
